<?xml version="1.0" encoding="UTF-8"?>
<testng-results ignored="0" total="2" passed="2" failed="0" skipped="0">
  <reporter-output>
  </reporter-output>
  <suite started-at="2021-07-25T22:37:22Z" name="Default Suite" finished-at="2021-07-25T22:37:34Z" duration-ms="12130">
    <groups>
    </groups>
    <test started-at="2021-07-25T22:37:22Z" name="WebAppUITestProject" finished-at="2021-07-25T22:37:34Z" duration-ms="12130">
      <class name="login.loginTests">
        <test-method is-config="true" signature="setUp()[pri:0, instance:login.loginTests@706a04ae]" started-at="2021-07-25T22:37:22Z" name="setUp" finished-at="2021-07-25T22:37:26Z" duration-ms="3590" status="PASS">
          <reporter-output>
          </reporter-output>
        </test-method> <!-- setUp -->
        <test-method signature="testSuccesfullLogin()[pri:0, instance:login.loginTests@706a04ae]" started-at="2021-07-25T22:37:26Z" name="testSuccesfullLogin" finished-at="2021-07-25T22:37:29Z" duration-ms="3774" status="PASS">
          <reporter-output>
          </reporter-output>
        </test-method> <!-- testSuccesfullLogin -->
        <test-method is-config="true" signature="setUp()[pri:0, instance:login.loginTests@706a04ae]" started-at="2021-07-25T22:37:29Z" name="setUp" finished-at="2021-07-25T22:37:32Z" duration-ms="2409" status="PASS">
          <reporter-output>
          </reporter-output>
        </test-method> <!-- setUp -->
        <test-method signature="testWrongUserNameOrPassword()[pri:0, instance:login.loginTests@706a04ae]" started-at="2021-07-25T22:37:32Z" name="testWrongUserNameOrPassword" finished-at="2021-07-25T22:37:34Z" duration-ms="2340" status="PASS">
          <reporter-output>
          </reporter-output>
        </test-method> <!-- testWrongUserNameOrPassword -->
      </class> <!-- login.loginTests -->
    </test> <!-- WebAppUITestProject -->
  </suite> <!-- Default Suite -->
</testng-results>
